<?xml version="1.0" encoding="UTF-8"?>
<robot generator="Robot 7.2.2 (Python 3.12.7 on win32)" generated="2025-09-20T12:12:10.258287" rpa="false" schemaversion="5">
<suite id="s1" name="Tests" source="C:\Users\Gergely\Desktop\GitRepo\robotframework-python\tests">
<suite id="s1-s1" name="testEndToEnd" source="C:\Users\Gergely\Desktop\GitRepo\robotframework-python\tests\testEndToEnd.robot">
<test id="s1-s1-t1" name="End to end ecommerce Product Validation" line="26">
<kw name="Open the browser with the Mortgage payment url" owner="generic" type="SETUP">
<kw name="Open Browser" owner="SeleniumLibrary">
<msg time="2025-09-20T12:12:10.728549" level="INFO">Opening browser 'Firefox' to base url 'https://rahulshettyacademy.com/loginpagePractise'.</msg>
<arg>${url}</arg>
<arg>${browser}</arg>
<arg>options=add_argument("--incognito")</arg>
<doc>Opens a new browser instance to the optional ``url``.</doc>
<status status="PASS" start="2025-09-20T12:12:10.728549" elapsed="10.450669"/>
</kw>
<status status="PASS" start="2025-09-20T12:12:10.727548" elapsed="10.451670"/>
</kw>
<kw name="Fill the login Form" owner="LandingPage">
<kw name="Input Text" owner="SeleniumLibrary">
<msg time="2025-09-20T12:12:21.181217" level="INFO">Typing text 'rahulshettyacademy' into text field 'id:username'.</msg>
<arg>id:username</arg>
<arg>${user_name}</arg>
<arg>True</arg>
<doc>Types the given ``text`` into the text field identified by ``locator``.</doc>
<status status="PASS" start="2025-09-20T12:12:21.180218" elapsed="0.164211"/>
</kw>
<kw name="Input Password" owner="SeleniumLibrary">
<msg time="2025-09-20T12:12:21.345427" level="INFO">Typing password into text field 'id:password'.</msg>
<msg time="2025-09-20T12:12:21.353426" level="INFO">Temporally setting log level to: NONE</msg>
<arg>id:password</arg>
<arg>${password}</arg>
<doc>Types the given password into the text field identified by ``locator``.</doc>
<status status="PASS" start="2025-09-20T12:12:21.345427" elapsed="0.018012"/>
</kw>
<kw name="Click Button" owner="SeleniumLibrary">
<msg time="2025-09-20T12:12:21.363439" level="INFO">Clicking button 'signInBtn'.</msg>
<arg>signInBtn</arg>
<doc>Clicks the button identified by ``locator``.</doc>
<status status="PASS" start="2025-09-20T12:12:21.363439" elapsed="0.107073"/>
</kw>
<arg>${user_name}</arg>
<arg>${valid_password}</arg>
<status status="PASS" start="2025-09-20T12:12:21.180218" elapsed="0.290294"/>
</kw>
<kw name="Wait until Element is located in the page" owner="ShopPage">
<kw name="Wait until element passed is located on the Page" owner="generic">
<kw name="Wait Until Element Is Visible" owner="SeleniumLibrary">
<arg>${page_locator}</arg>
<doc>Waits until the element ``locator`` is visible.</doc>
<status status="PASS" start="2025-09-20T12:12:21.472513" elapsed="3.838511"/>
</kw>
<arg>${Navigation_link}</arg>
<status status="PASS" start="2025-09-20T12:12:21.471512" elapsed="3.839512"/>
</kw>
<status status="PASS" start="2025-09-20T12:12:21.471512" elapsed="3.839512"/>
</kw>
<kw name="Verify Card titles in the Shop Page" owner="ShopPage">
<kw name="Wait Until Element Is Visible" owner="SeleniumLibrary">
<arg>css:.card-title</arg>
<arg>10s</arg>
<doc>Waits until the element ``locator`` is visible.</doc>
<status status="PASS" start="2025-09-20T12:12:25.311024" elapsed="0.044502"/>
</kw>
<kw name="Get WebElements" owner="SeleniumLibrary">
<msg time="2025-09-20T12:12:25.358520" level="INFO">@{title_elements} = [ &lt;selenium.webdriver.remote.webelement.WebElement (session="c8de055a-7728-41ba-b3f0-cfbbd427f0e8", element="a966c957-6b64-4dd0-857c-cfbeea10ec7f")&gt; | &lt;selenium.webdriver.remote.webelement.WebElement ...</msg>
<var>@{title_elements}</var>
<arg>css:.card-title</arg>
<doc>Returns a list of WebElement objects matching the ``locator``.</doc>
<status status="PASS" start="2025-09-20T12:12:25.355526" elapsed="0.002994"/>
</kw>
<kw name="Get Length" owner="BuiltIn">
<msg time="2025-09-20T12:12:25.358520" level="INFO">Length is 4.</msg>
<msg time="2025-09-20T12:12:25.358520" level="INFO">${count} = 4</msg>
<var>${count}</var>
<arg>${title_elements}</arg>
<doc>Returns and logs the length of the given item as an integer.</doc>
<status status="PASS" start="2025-09-20T12:12:25.358520" elapsed="0.000000"/>
</kw>
<kw name="Log" owner="BuiltIn">
<msg time="2025-09-20T12:12:25.358520" level="INFO">4</msg>
<arg>${count}</arg>
<doc>Logs the given message with the given level.</doc>
<status status="PASS" start="2025-09-20T12:12:25.358520" elapsed="0.000000"/>
</kw>
<kw name="Should Be Equal As Integers" owner="BuiltIn">
<msg time="2025-09-20T12:12:25.359522" level="INFO">Argument types are:
&lt;class 'int'&gt;
&lt;class 'str'&gt;</msg>
<arg>${count}</arg>
<arg>4</arg>
<doc>Fails if objects are unequal after converting them to integers.</doc>
<status status="PASS" start="2025-09-20T12:12:25.359522" elapsed="0.000000"/>
</kw>
<kw name="Create List" owner="BuiltIn">
<msg time="2025-09-20T12:12:25.359522" level="INFO">@{actual_titles} = [ ]</msg>
<var>@{actual_titles}</var>
<doc>Returns a list containing given items.</doc>
<status status="PASS" start="2025-09-20T12:12:25.359522" elapsed="0.000000"/>
</kw>
<for flavor="IN">
<iter>
<kw name="Get Text" owner="SeleniumLibrary">
<msg time="2025-09-20T12:12:25.405246" level="INFO">${text} = iphone X</msg>
<var>${text}</var>
<arg>${element}</arg>
<doc>Returns the text value of the element identified by ``locator``.</doc>
<status status="PASS" start="2025-09-20T12:12:25.360545" elapsed="0.044701"/>
</kw>
<kw name="Strip String" owner="String">
<msg time="2025-09-20T12:12:25.406245" level="INFO">${text} = iphone X</msg>
<var>${text}</var>
<arg>${text}</arg>
<doc>Remove leading and/or trailing whitespaces from the given string.</doc>
<status status="PASS" start="2025-09-20T12:12:25.405246" elapsed="0.000999"/>
</kw>
<kw name="Append To List" owner="Collections">
<arg>${actual_titles}</arg>
<arg>${text}</arg>
<doc>Adds ``values`` to the end of ``list``.</doc>
<status status="PASS" start="2025-09-20T12:12:25.406245" elapsed="0.000000"/>
</kw>
<var name="${element}">&lt;selenium.webdriver.remote.webelement.WebElement (session="c8de055a-7728-41ba-b3f0-cfbbd427f0e8", element="a966c957-6b64-4dd0-857c-cfbeea10ec7f")&gt;</var>
<status status="PASS" start="2025-09-20T12:12:25.359522" elapsed="0.046723"/>
</iter>
<iter>
<kw name="Get Text" owner="SeleniumLibrary">
<msg time="2025-09-20T12:12:25.441831" level="INFO">${text} = Samsung Note 8</msg>
<var>${text}</var>
<arg>${element}</arg>
<doc>Returns the text value of the element identified by ``locator``.</doc>
<status status="PASS" start="2025-09-20T12:12:25.406245" elapsed="0.036585"/>
</kw>
<kw name="Strip String" owner="String">
<msg time="2025-09-20T12:12:25.442830" level="INFO">${text} = Samsung Note 8</msg>
<var>${text}</var>
<arg>${text}</arg>
<doc>Remove leading and/or trailing whitespaces from the given string.</doc>
<status status="PASS" start="2025-09-20T12:12:25.442830" elapsed="0.000000"/>
</kw>
<kw name="Append To List" owner="Collections">
<arg>${actual_titles}</arg>
<arg>${text}</arg>
<doc>Adds ``values`` to the end of ``list``.</doc>
<status status="PASS" start="2025-09-20T12:12:25.442830" elapsed="0.000000"/>
</kw>
<var name="${element}">&lt;selenium.webdriver.remote.webelement.WebElement (session="c8de055a-7728-41ba-b3f0-cfbbd427f0e8", element="03140081-5da1-4ca6-9423-c5b425b7afb4")&gt;</var>
<status status="PASS" start="2025-09-20T12:12:25.406245" elapsed="0.037588"/>
</iter>
<iter>
<kw name="Get Text" owner="SeleniumLibrary">
<msg time="2025-09-20T12:12:25.458904" level="INFO">${text} = Nokia Edge</msg>
<var>${text}</var>
<arg>${element}</arg>
<doc>Returns the text value of the element identified by ``locator``.</doc>
<status status="PASS" start="2025-09-20T12:12:25.443833" elapsed="0.015071"/>
</kw>
<kw name="Strip String" owner="String">
<msg time="2025-09-20T12:12:25.459909" level="INFO">${text} = Nokia Edge</msg>
<var>${text}</var>
<arg>${text}</arg>
<doc>Remove leading and/or trailing whitespaces from the given string.</doc>
<status status="PASS" start="2025-09-20T12:12:25.458904" elapsed="0.001005"/>
</kw>
<kw name="Append To List" owner="Collections">
<arg>${actual_titles}</arg>
<arg>${text}</arg>
<doc>Adds ``values`` to the end of ``list``.</doc>
<status status="PASS" start="2025-09-20T12:12:25.459909" elapsed="0.001000"/>
</kw>
<var name="${element}">&lt;selenium.webdriver.remote.webelement.WebElement (session="c8de055a-7728-41ba-b3f0-cfbbd427f0e8", element="7477aab7-a6e1-4898-be53-a1946ea83f92")&gt;</var>
<status status="PASS" start="2025-09-20T12:12:25.443833" elapsed="0.017076"/>
</iter>
<iter>
<kw name="Get Text" owner="SeleniumLibrary">
<msg time="2025-09-20T12:12:25.477024" level="INFO">${text} = Blackberry</msg>
<var>${text}</var>
<arg>${element}</arg>
<doc>Returns the text value of the element identified by ``locator``.</doc>
<status status="PASS" start="2025-09-20T12:12:25.460909" elapsed="0.016115"/>
</kw>
<kw name="Strip String" owner="String">
<msg time="2025-09-20T12:12:25.478026" level="INFO">${text} = Blackberry</msg>
<var>${text}</var>
<arg>${text}</arg>
<doc>Remove leading and/or trailing whitespaces from the given string.</doc>
<status status="PASS" start="2025-09-20T12:12:25.478026" elapsed="0.000000"/>
</kw>
<kw name="Append To List" owner="Collections">
<arg>${actual_titles}</arg>
<arg>${text}</arg>
<doc>Adds ``values`` to the end of ``list``.</doc>
<status status="PASS" start="2025-09-20T12:12:25.478026" elapsed="0.000000"/>
</kw>
<var name="${element}">&lt;selenium.webdriver.remote.webelement.WebElement (session="c8de055a-7728-41ba-b3f0-cfbbd427f0e8", element="d2c7d1b6-8f12-4783-889c-29872bc9f848")&gt;</var>
<status status="PASS" start="2025-09-20T12:12:25.460909" elapsed="0.017117"/>
</iter>
<var>${element}</var>
<value>@{title_elements}</value>
<status status="PASS" start="2025-09-20T12:12:25.359522" elapsed="0.118504"/>
</for>
<kw name="Create List" owner="BuiltIn">
<msg time="2025-09-20T12:12:25.479025" level="INFO">@{expectedListofMobiles} = [ iphone X | Samsung Note 8 | Nokia Edge | Blackberry ]</msg>
<var>@{expectedListofMobiles}</var>
<arg>iphone X</arg>
<arg>Samsung Note 8</arg>
<arg>Nokia Edge</arg>
<arg>Blackberry</arg>
<doc>Returns a list containing given items.</doc>
<status status="PASS" start="2025-09-20T12:12:25.479025" elapsed="0.000000"/>
</kw>
<kw name="Sort List" owner="Collections">
<arg>${actual_titles}</arg>
<doc>Sorts the given list in place.</doc>
<status status="PASS" start="2025-09-20T12:12:25.479025" elapsed="0.000000"/>
</kw>
<kw name="Sort List" owner="Collections">
<arg>${expectedListofMobiles}</arg>
<doc>Sorts the given list in place.</doc>
<status status="PASS" start="2025-09-20T12:12:25.479025" elapsed="0.000000"/>
</kw>
<kw name="Lists Should Be Equal" owner="Collections">
<arg>${actual_titles}</arg>
<arg>${expectedListofMobiles}</arg>
<doc>Fails if given lists are unequal.</doc>
<status status="PASS" start="2025-09-20T12:12:25.479025" elapsed="0.000000"/>
</kw>
<status status="PASS" start="2025-09-20T12:12:25.311024" elapsed="0.168001"/>
</kw>
<kw name="Add Items To Cart" owner="Shop">
<arg>@{listOfProduts}</arg>
<status status="PASS" start="2025-09-20T12:12:25.480024" elapsed="0.268424"/>
</kw>
<kw name="Select Checkout Button" owner="ShopPage">
<kw name="Click Link" owner="SeleniumLibrary">
<msg time="2025-09-20T12:12:25.749448" level="INFO">Clicking link 'css:li.active a'.</msg>
<arg>${Checkout_Button}</arg>
<doc>Clicks a link identified by ``locator``.</doc>
<status status="PASS" start="2025-09-20T12:12:25.749448" elapsed="0.123907"/>
</kw>
<status status="PASS" start="2025-09-20T12:12:25.748448" elapsed="0.124907"/>
</kw>
<kw name="Verify Cart Items in Checkout" owner="Checkout">
<msg time="2025-09-20T12:12:25.924356" level="INFO">DEBUG - Products in checkout: ['Nokia Edge', 'Blackberry']
All expected products are in checkout: ('Blackberry', 'Nokia Edge')</msg>
<arg>@{listOfProduts}</arg>
<status status="PASS" start="2025-09-20T12:12:25.874354" elapsed="0.050002"/>
</kw>
<kw name="Select Checkout Button" owner="CheckoutPage">
<kw name="Click Button" owner="SeleniumLibrary">
<msg time="2025-09-20T12:12:25.924356" level="INFO">Clicking button 'css:.btn-success'.</msg>
<arg>css:.btn-success</arg>
<doc>Clicks the button identified by ``locator``.</doc>
<status status="PASS" start="2025-09-20T12:12:25.924356" elapsed="0.147979"/>
</kw>
<status status="PASS" start="2025-09-20T12:12:25.924356" elapsed="0.148978"/>
</kw>
<kw name="Enter The Country and Select the Terms" owner="ConfirmationPage">
<kw name="Input Text" owner="SeleniumLibrary">
<msg time="2025-09-20T12:12:26.073334" level="INFO">Typing text 'Hungary' into text field 'id:country'.</msg>
<arg>id:country</arg>
<arg>${country_name}</arg>
<doc>Types the given ``text`` into the text field identified by ``locator``.</doc>
<status status="PASS" start="2025-09-20T12:12:26.073334" elapsed="0.039493"/>
</kw>
<kw name="Sleep" owner="BuiltIn">
<msg time="2025-09-20T12:12:31.112964" level="INFO">Slept 5 seconds.</msg>
<arg>5</arg>
<doc>Pauses the test executed for the given time.</doc>
<status status="PASS" start="2025-09-20T12:12:26.112827" elapsed="5.000137"/>
</kw>
<kw name="Wait until element passed is located on the Page" owner="generic">
<kw name="Wait Until Element Is Visible" owner="SeleniumLibrary">
<arg>${page_locator}</arg>
<doc>Waits until the element ``locator`` is visible.</doc>
<status status="PASS" start="2025-09-20T12:12:31.113968" elapsed="0.011999"/>
</kw>
<arg>//a[text()='${country_name}']</arg>
<status status="PASS" start="2025-09-20T12:12:31.112964" elapsed="0.013003"/>
</kw>
<kw name="Click Element" owner="SeleniumLibrary">
<msg time="2025-09-20T12:12:31.126970" level="INFO">Clicking element '//a[text()='Hungary']'.</msg>
<arg>//a[text()='${country_name}']</arg>
<doc>Click the element identified by ``locator``.</doc>
<status status="PASS" start="2025-09-20T12:12:31.125967" elapsed="0.063955"/>
</kw>
<kw name="Click Element" owner="SeleniumLibrary">
<msg time="2025-09-20T12:12:31.190923" level="INFO">Clicking element 'css:.checkbox label'.</msg>
<arg>css:.checkbox label</arg>
<doc>Click the element identified by ``locator``.</doc>
<status status="PASS" start="2025-09-20T12:12:31.190923" elapsed="0.061773"/>
</kw>
<arg>${country_name}</arg>
<status status="PASS" start="2025-09-20T12:12:26.073334" elapsed="5.179362"/>
</kw>
<kw name="Purchase the Product and Confirm the Purchase" owner="ConfirmationPage">
<kw name="Click Button" owner="SeleniumLibrary">
<msg time="2025-09-20T12:12:31.253699" level="INFO">Clicking button 'css:.btn-success'.</msg>
<arg>css:.btn-success</arg>
<doc>Clicks the button identified by ``locator``.</doc>
<status status="PASS" start="2025-09-20T12:12:31.253699" elapsed="0.068284"/>
</kw>
<kw name="Page Should Contain" owner="SeleniumLibrary">
<msg time="2025-09-20T12:12:31.332982" level="INFO">Current page contains text 'Success!'.</msg>
<arg>Success!</arg>
<doc>Verifies that current page contains ``text``.</doc>
<status status="PASS" start="2025-09-20T12:12:31.322986" elapsed="0.009996"/>
</kw>
<status status="PASS" start="2025-09-20T12:12:31.252696" elapsed="0.080286"/>
</kw>
<kw name="Close Browser Session" owner="generic" type="TEARDOWN">
<kw name="Close Browser" owner="SeleniumLibrary">
<doc>Closes the current browser.</doc>
<status status="PASS" start="2025-09-20T12:12:31.333982" elapsed="2.956240"/>
</kw>
<status status="PASS" start="2025-09-20T12:12:31.333982" elapsed="2.956240"/>
</kw>
<tag>REGRESSION</tag>
<status status="PASS" start="2025-09-20T12:12:10.726553" elapsed="23.563669"/>
</test>
<doc>To validate Items are added to Cart and Checkout</doc>
<status status="PASS" start="2025-09-20T12:12:10.305797" elapsed="23.984425"/>
</suite>
<status status="PASS" start="2025-09-20T12:12:10.260382" elapsed="24.030840"/>
</suite>
<statistics>
<total>
<stat pass="1" fail="0" skip="0">All Tests</stat>
</total>
<tag>
<stat pass="1" fail="0" skip="0">REGRESSION</stat>
</tag>
<suite>
<stat name="Tests" id="s1" pass="1" fail="0" skip="0">Tests</stat>
<stat name="testEndToEnd" id="s1-s1" pass="1" fail="0" skip="0">Tests.testEndToEnd</stat>
</suite>
</statistics>
<errors>
</errors>
</robot>
